0 info it worked if it ends with ok
1 verbose cli [ '/usr/local/bin/node', '/usr/local/bin/npm', 'run', 'tslint' ]
2 info using npm@3.10.3
3 info using node@v6.7.0
4 verbose run-script [ 'pretslint', 'tslint', 'posttslint' ]
5 info lifecycle @~pretslint: @
6 silly lifecycle @~pretslint: no script for pretslint, continuing
7 info lifecycle @~tslint: @
8 verbose lifecycle @~tslint: unsafe-perm in lifecycle true
9 verbose lifecycle @~tslint: PATH: /usr/local/lib/node_modules/npm/bin/node-gyp-bin:/Users/nfrancis/dev/projects/norris/ContractionTimer/node_modules/.bin:/usr/local/bin:/usr/local/bin:/usr/bin:/bin:/usr/sbin:/sbin:/usr/local/sbin:/Users/nfrancis/.android-sdk-macosx/platform-tools/
10 verbose lifecycle @~tslint: CWD: /Users/nfrancis/dev/projects/norris/ContractionTimer
11 silly lifecycle @~tslint: Args: [ '-c', 'tslint -c tslint.json \'app/**/*.ts\'' ]
12 silly lifecycle @~tslint: Returned: code: 2  signal: null
13 info lifecycle @~tslint: Failed to exec tslint script
14 verbose stack Error: @ tslint: `tslint -c tslint.json 'app/**/*.ts'`
14 verbose stack Exit status 2
14 verbose stack     at EventEmitter.<anonymous> (/usr/local/lib/node_modules/npm/lib/utils/lifecycle.js:242:16)
14 verbose stack     at emitTwo (events.js:106:13)
14 verbose stack     at EventEmitter.emit (events.js:191:7)
14 verbose stack     at ChildProcess.<anonymous> (/usr/local/lib/node_modules/npm/lib/utils/spawn.js:40:14)
14 verbose stack     at emitTwo (events.js:106:13)
14 verbose stack     at ChildProcess.emit (events.js:191:7)
14 verbose stack     at maybeClose (internal/child_process.js:877:16)
14 verbose stack     at Process.ChildProcess._handle.onexit (internal/child_process.js:226:5)
15 verbose pkgid @
16 verbose cwd /Users/nfrancis/dev/projects/norris/ContractionTimer
17 error Darwin 16.5.0
18 error argv "/usr/local/bin/node" "/usr/local/bin/npm" "run" "tslint"
19 error node v6.7.0
20 error npm  v3.10.3
21 error code ELIFECYCLE
22 error @ tslint: `tslint -c tslint.json 'app/**/*.ts'`
22 error Exit status 2
23 error Failed at the @ tslint script 'tslint -c tslint.json 'app/**/*.ts''.
23 error Make sure you have the latest version of node.js and npm installed.
23 error If you do, this is most likely a problem with the  package,
23 error not with npm itself.
23 error Tell the author that this fails on your system:
23 error     tslint -c tslint.json 'app/**/*.ts'
23 error You can get information on how to open an issue for this project with:
23 error     npm bugs
23 error Or if that isn't available, you can get their info via:
23 error     npm owner ls
23 error There is likely additional logging output above.
24 verbose exit [ 1, true ]
